TAC:
t0 = b*c
t1 = t0*d
t2 = 7*y
t3 = 8+t2
t4 = b/t3
t5 = minus t4
t6 = t1+t5
c = t6
b = c
a = b

Quadruples:
op      arg1    arg2    res     
*       b       c       t0      
*       t0      d       t1      
*       7       y       t2      
+       8       t2      t3      
/       b       t3      t4      
minus   t4      t5      
+       t1      t5      t6      
=       t6      c       
=       c       b       
=       b       a       

Triples:
	op      arg1    arg2    
0|	*       b       c       
1|	*       (0)     d       
2|	*       7       y       
3|	+       8       (2)     
4|	/       b       (3)     
5|	minus   (4)     
6|	+       (1)     (5)     
7|	=       c       (6)     
8|	=       b       c       
9|	=       a       b       

